2025-04-07 17:43:37,340 - INFO - position: Position(account='DUD052704', contract=Future(conId=691171673, symbol='MES', lastTradeDateOrContractMonth='20250620', multiplier='5', currency='USD', localSymbol='MESM5', tradingClass='MES'), position=1.0, avgCost=26778.12)
2025-04-07 17:43:37,344 - INFO - Warning 2104, reqId -1: Market data farm connection is OK:hfarm
2025-04-07 17:43:37,344 - INFO - Warning 2104, reqId -1: Market data farm connection is OK:usfarm.nj
2025-04-07 17:43:37,344 - INFO - Warning 2104, reqId -1: Market data farm connection is OK:jfarm
2025-04-07 17:43:37,344 - INFO - Warning 2104, reqId -1: Market data farm connection is OK:usfuture
2025-04-07 17:43:37,344 - INFO - Warning 2104, reqId -1: Market data farm connection is OK:cashfarm
2025-04-07 17:43:37,344 - INFO - Warning 2104, reqId -1: Market data farm connection is OK:eufarmnj
2025-04-07 17:43:37,344 - INFO - Warning 2104, reqId -1: Market data farm connection is OK:usfarm
2025-04-07 17:43:37,344 - INFO - Warning 2106, reqId -1: HMDS data farm connection is OK:euhmds
2025-04-07 17:43:37,344 - INFO - Warning 2106, reqId -1: HMDS data farm connection is OK:fundfarm
2025-04-07 17:43:37,344 - INFO - Warning 2106, reqId -1: HMDS data farm connection is OK:ushmds
2025-04-07 17:43:37,344 - INFO - Warning 2158, reqId -1: Sec-def data farm connection is OK:secdefil
2025-04-07 17:43:37,648 - INFO - updatePortfolio: PortfolioItem(contract=Future(conId=691171673, symbol='MES', lastTradeDateOrContractMonth='20250620', right='0', multiplier='5', primaryExchange='CME', currency='USD', localSymbol='MESM5', tradingClass='MES'), position=1.0, marketPrice=4876.75, marketValue=24383.75, averageCost=26778.12, unrealizedPNL=-2394.37, realizedPNL=0.0, account='DUD052704')
2025-04-07 17:43:37,752 - INFO - Synchronization complete
2025-04-07 17:43:40,185 - INFO - Shard ID None has connected to Gateway (Session ID: ba61a62ea12b11759b911a1bbff9f2c8).
2025-04-07 21:04:24,499 - INFO - Shard ID None has successfully RESUMED session ba61a62ea12b11759b911a1bbff9f2c8.
2025-04-07 23:25:31,776 - INFO - Shard ID None has successfully RESUMED session ba61a62ea12b11759b911a1bbff9f2c8.
2025-04-08 00:32:22,285 - INFO - Shard ID None has successfully RESUMED session ba61a62ea12b11759b911a1bbff9f2c8.
2025-04-08 00:56:55,722 - INFO - Shard ID None has successfully RESUMED session ba61a62ea12b11759b911a1bbff9f2c8.
2025-04-08 02:52:54,000 - INFO - Shard ID None has successfully RESUMED session ba61a62ea12b11759b911a1bbff9f2c8.
2025-04-08 03:24:13,649 - INFO - Shard ID None has successfully RESUMED session ba61a62ea12b11759b911a1bbff9f2c8.
2025-04-08 03:41:40,845 - INFO - Shard ID None has successfully RESUMED session ba61a62ea12b11759b911a1bbff9f2c8.
2025-04-08 06:45:58,404 - INFO - Shard ID None has successfully RESUMED session ba61a62ea12b11759b911a1bbff9f2c8.
2025-04-08 07:56:47,730 - INFO - Shard ID None has successfully RESUMED session ba61a62ea12b11759b911a1bbff9f2c8.
2025-04-08 08:03:02,280 - INFO - Shard ID None has successfully RESUMED session ba61a62ea12b11759b911a1bbff9f2c8.
2025-04-08 08:04:30,748 - INFO - Shard ID None has successfully RESUMED session ba61a62ea12b11759b911a1bbff9f2c8.
2025-04-08 08:12:37,579 - INFO - Shard ID None has successfully RESUMED session ba61a62ea12b11759b911a1bbff9f2c8.
2025-04-08 08:37:11,100 - INFO - Shard ID None has successfully RESUMED session ba61a62ea12b11759b911a1bbff9f2c8.
2025-04-08 09:07:46,007 - INFO - Shard ID None has successfully RESUMED session ba61a62ea12b11759b911a1bbff9f2c8.
2025-04-08 10:40:21,760 - INFO - Shard ID None session has been invalidated.
2025-04-08 10:40:28,776 - ERROR - Error in Discord listener: Shard ID None WebSocket closed with 4004
